<?xml version="1.0" encoding="UTF-8"?>
<!-- Generated by org.testng.reporters.JUnitReportReporter -->
<testsuite hostname="Asus_Rocky" failures="0" tests="1" name="testscripts.WishListTestCase" time="6.425" errors="0" timestamp="2023-12-27T11:56:11 IST" skipped="0">
  <testcase classname="testscripts.WishListTestCase" name="wishListTestCase" time="6.425"/>
</testsuite> <!-- testscripts.WishListTestCase -->
