<?xml version="1.0" encoding="UTF-8"?>
<!-- Generated by org.testng.reporters.JUnitReportReporter -->
<testsuite hostname="Asus_Rocky" failures="0" tests="1" name="testscripts.MavenParameter" time="0.005" errors="0" timestamp="2023-12-27T12:18:41 IST" skipped="0">
  <testcase classname="testscripts.MavenParameter" name="mavenParameter" time="0.005"/>
</testsuite> <!-- testscripts.MavenParameter -->
