<?xml version="1.0" encoding="UTF-8"?>
<!-- Generated by org.testng.reporters.JUnitReportReporter -->
<testsuite hostname="Asus_Rocky" failures="0" tests="1" name="testscripts.EmptyCartTestCase" time="15.921" errors="0" timestamp="2023-12-27T10:23:59 IST" skipped="0">
  <testcase classname="testscripts.EmptyCartTestCase" name="emptyCartTestCase" time="15.921"/>
  <system-out>
    <![CDATA[Digital downloads page is displayed
Shopping Cart page displayed
AddToCart Test Case Pass]]>
  </system-out>
</testsuite> <!-- testscripts.EmptyCartTestCase -->
