<?xml version="1.0" encoding="UTF-8"?>
<!-- Generated by org.testng.reporters.JUnitReportReporter -->
<testsuite hostname="Asus_Rocky" failures="0" tests="1" name="testscripts.AddToCartTestCase" time="11.138" errors="0" timestamp="2024-01-09T09:45:50 IST" skipped="0">
  <testcase classname="testscripts.AddToCartTestCase" name="addToCartTestCase" time="11.138">
    <system-out>
      <![CDATA[Digital downloads page is displayed]]>
    </system-out>
  </testcase> <!-- addToCartTestCase -->
  <system-out>
    <![CDATA[Digital downloads page is displayed]]>
  </system-out>
</testsuite> <!-- testscripts.AddToCartTestCase -->
