<?xml version="1.0" encoding="UTF-8"?>
<!-- Generated by org.testng.reporters.JUnitReportReporter -->
<testsuite hostname="Asus_Rocky" failures="0" tests="4" name="testscripts.RegisterTestCase" time="20.767" errors="0" timestamp="2023-12-27T10:23:59 IST" skipped="0">
  <testcase classname="testscripts.RegisterTestCase" name="registerTestCase" time="5.007"/>
  <testcase classname="testscripts.RegisterTestCase" name="registerTestCase" time="4.944"/>
  <testcase classname="testscripts.RegisterTestCase" name="registerTestCase" time="5.587"/>
  <testcase classname="testscripts.RegisterTestCase" name="registerTestCase" time="5.229"/>
  <system-out>
    <![CDATA[Digital downloads page is displayed
Shopping Cart page displayed
AddToCart Test Case Pass]]>
  </system-out>
</testsuite> <!-- testscripts.RegisterTestCase -->
